<?xml version="1.0" encoding="UTF-8"?>
<!-- Generated by org.testng.reporters.JUnitReportReporter -->
<testsuite name="mypackage.Test10" tests="1" time="19.910" ignored="1" failures="0" timestamp="22 Jan 2021 05:45:55 GMT" skipped="0" hostname="ESWAR-PC" errors="0">
  <testcase name="facebookNewAccount" time="19.910" classname="mypackage.Test10"/>
  <testcase name="Message" classname="mypackage.Test10">
    <skipped/>
  </testcase> <!-- Message -->
</testsuite> <!-- mypackage.Test10 -->
