<?xml version="1.0" encoding="UTF-8"?>
<!-- Generated by org.testng.reporters.JUnitReportReporter -->
<testsuite name="mypackage.Test12" tests="5" time="0.016" ignored="1" failures="0" timestamp="22 Nov 2020 07:05:34 GMT" skipped="0" hostname="ESWAR-PC" errors="0">
  <testcase name="c" time="0.000" classname="mypackage.Test12"/>
  <testcase name="E" time="0.000" classname="mypackage.Test12"/>
  <testcase name="b" time="0.016" classname="mypackage.Test12"/>
  <testcase name="c" time="0.000" classname="mypackage.Test12"/>
  <testcase name="D" time="0.000" classname="mypackage.Test12"/>
  <testcase name="s" classname="mypackage.Test12">
    <skipped/>
  </testcase> <!-- s -->
</testsuite> <!-- mypackage.Test12 -->
