<?xml version="1.0" encoding="UTF-8"?>
<!-- Generated by org.testng.reporters.JUnitReportReporter -->
<testsuite name="mypackage.Test11" tests="1" time="0.015" ignored="0" failures="0" timestamp="21 Nov 2020 20:39:29 GMT" skipped="0" hostname="ESWAR-PC" errors="0">
  <testcase name="method" time="0.015" classname="mypackage.Test11"/>
</testsuite> <!-- mypackage.Test11 -->
