<?xml version="1.0" encoding="UTF-8"?>
<!-- Generated by org.testng.reporters.JUnitReportReporter -->
<testsuite name="mypackage.Test17" tests="3" time="0.031" ignored="1" failures="0" timestamp="22 Nov 2020 08:14:15 GMT" skipped="0" hostname="ESWAR-PC" errors="0">
  <testcase name="testCaseFour" time="0.018" classname="mypackage.Test17"/>
  <testcase name="testCaseOne" time="0.003" classname="mypackage.Test17"/>
  <testcase name="testCaseTwo" time="0.010" classname="mypackage.Test17"/>
  <testcase name="testCaseThree" classname="mypackage.Test17">
    <skipped/>
  </testcase> <!-- testCaseThree -->
</testsuite> <!-- mypackage.Test17 -->
