<?xml version="1.0" encoding="UTF-8"?>
<!-- Generated by org.testng.reporters.JUnitReportReporter -->
<testsuite skipped="0" hostname="Pinkey" name="mypackage.Test8" tests="1" failures="0" timestamp="08 Feb 2021 17:59:32 GMT" time="17.690" errors="0">
  <testcase name="Message" time="17.690" classname="mypackage.Test8"/>
</testsuite> <!-- mypackage.Test8 -->
