<?xml version="1.0" encoding="UTF-8"?>
<!-- Generated by org.testng.reporters.JUnitReportReporter -->
<testsuite skipped="0" hostname="Pinkey" name="mypackage.Test9" tests="2" failures="0" timestamp="08 Feb 2021 11:58:41 GMT" time="43.871" errors="0">
  <testcase name="close" time="4.114" classname="mypackage.Test9"/>
  <testcase name="Message" time="39.757" classname="mypackage.Test9"/>
</testsuite> <!-- mypackage.Test9 -->
