<?xml version="1.0" encoding="UTF-8"?>
<!-- Generated by org.testng.reporters.JUnitReportReporter -->
<testsuite name="mypackage.Test18" tests="1" time="0.018" ignored="1" failures="0" timestamp="22 Nov 2020 08:34:07 GMT" skipped="0" hostname="ESWAR-PC" errors="0">
  <testcase name="composeMail" time="0.018" classname="mypackage.Test18"/>
  <testcase name="loginTest" classname="mypackage.Test18">
    <skipped/>
  </testcase> <!-- loginTest -->
</testsuite> <!-- mypackage.Test18 -->
