<?xml version="1.0" encoding="UTF-8"?>
<!-- Generated by org.testng.reporters.JUnitReportReporter -->
<testsuite name="mypackage.BeforeAndAfterMethod" tests="1" time="0.014" ignored="0" failures="0" timestamp="22 Jan 2021 08:53:52 GMT" skipped="0" hostname="ESWAR-PC" errors="0">
  <testcase name="testMethod" time="0.014" classname="mypackage.BeforeAndAfterMethod"/>
</testsuite> <!-- mypackage.BeforeAndAfterMethod -->
