<?xml version="1.0" encoding="UTF-8"?>
<!-- Generated by org.testng.reporters.JUnitReportReporter -->
<testsuite name="mypackage.Test16" tests="2" time="0.031" ignored="0" failures="0" timestamp="22 Nov 2020 07:47:35 GMT" skipped="0" hostname="ESWAR-PC" errors="0">
  <testcase name="m2" time="0.000" classname="mypackage.Test16"/>
  <testcase name="m1" time="0.031" classname="mypackage.Test16"/>
</testsuite> <!-- mypackage.Test16 -->
